{
"contracts/CenterAlignment.sol":{"l":{"28":0,"33":0,"36":0,"38":0,"41":0,"43":0,"48":0,"49":0,"51":0,"55":0,"58":0},"path":"/home/kojche/Documents/projects/swim-protocol/swim/packages/evm-contracts/contracts/CenterAlignment.sol","s":{"1":0,"2":0,"3":0,"4":0,"5":0,"6":0,"7":0,"8":0,"9":0,"10":0,"11":0},"b":{"1":[0,0],"2":[0,0],"3":[0,0],"4":[0,0]},"f":{"1":0,"2":0,"3":0},"fnMap":{"1":{"name":"toAligned","line":27,"loc":{"start":{"line":27,"column":0},"end":{"line":29,"column":0}}},"2":{"name":"keepAligned","line":31,"loc":{"start":{"line":31,"column":0},"end":{"line":44,"column":1}}},"3":{"name":"fromAligned","line":46,"loc":{"start":{"line":46,"column":0},"end":{"line":59,"column":1}}}},"statementMap":{"1":{"start":{"line":28,"column":2},"end":{"line":28,"column":55}},"2":{"start":{"line":33,"column":2},"end":{"line":33,"column":1535}},"3":{"start":{"line":36,"column":4},"end":{"line":36,"column":65}},"4":{"start":{"line":38,"column":2},"end":{"line":38,"column":1771}},"5":{"start":{"line":41,"column":4},"end":{"line":41,"column":65}},"6":{"start":{"line":43,"column":2},"end":{"line":43,"column":21}},"7":{"start":{"line":48,"column":2},"end":{"line":48,"column":2125}},"8":{"start":{"line":49,"column":4},"end":{"line":49,"column":31}},"9":{"start":{"line":51,"column":4},"end":{"line":51,"column":2230}},"10":{"start":{"line":55,"column":4},"end":{"line":55,"column":25}},"11":{"start":{"line":58,"column":2},"end":{"line":58,"column":27}}},"branchMap":{"1":{"line":33,"type":"if","locations":[{"start":{"line":33,"column":2},"end":{"line":33,"column":2}},{"start":{"line":33,"column":2},"end":{"line":33,"column":2}}]},"2":{"line":38,"type":"if","locations":[{"start":{"line":38,"column":2},"end":{"line":38,"column":2}},{"start":{"line":38,"column":2},"end":{"line":38,"column":2}}]},"3":{"line":48,"type":"if","locations":[{"start":{"line":48,"column":2},"end":{"line":48,"column":2}},{"start":{"line":48,"column":2},"end":{"line":48,"column":2}}]},"4":{"line":51,"type":"if","locations":[{"start":{"line":51,"column":4},"end":{"line":51,"column":4}},{"start":{"line":51,"column":4},"end":{"line":51,"column":4}}]}}},
"contracts/Constants.sol":{"l":{},"path":"/home/kojche/Documents/projects/swim-protocol/swim/packages/evm-contracts/contracts/Constants.sol","s":{},"b":{},"f":{},"fnMap":{},"statementMap":{},"branchMap":{}},
"contracts/Equalize.sol":{"l":{"11":0,"12":0,"14":0,"15":0,"16":0,"17":0,"20":0,"21":0,"23":0,"24":0,"29":0,"30":0,"31":0,"33":0,"34":0,"35":0,"36":0,"39":0,"40":0,"42":0},"path":"/home/kojche/Documents/projects/swim-protocol/swim/packages/evm-contracts/contracts/Equalize.sol","s":{"1":0,"2":0,"3":0,"4":0,"5":0,"6":0,"7":0,"8":0,"9":0,"10":0,"11":0,"12":0,"13":0,"14":0,"15":0,"16":0,"17":0,"18":0,"19":0,"20":0},"b":{"1":[0,0],"2":[0,0],"3":[0,0],"4":[0,0],"5":[0,0],"6":[0,0],"7":[0,0]},"f":{"1":0,"2":0},"fnMap":{"1":{"name":"to","line":9,"loc":{"start":{"line":9,"column":2},"end":{"line":25,"column":2}}},"2":{"name":"from","line":27,"loc":{"start":{"line":27,"column":2},"end":{"line":43,"column":2}}}},"statementMap":{"1":{"start":{"line":11,"column":4},"end":{"line":11,"column":280}},"2":{"start":{"line":12,"column":6},"end":{"line":12,"column":30}},"3":{"start":{"line":14,"column":4},"end":{"line":14,"column":18}},"4":{"start":{"line":15,"column":4},"end":{"line":15,"column":328}},"5":{"start":{"line":16,"column":17},"end":{"line":16,"column":70}},"6":{"start":{"line":17,"column":6},"end":{"line":17,"column":67}},"7":{"start":{"line":20,"column":17},"end":{"line":20,"column":60}},"8":{"start":{"line":21,"column":6},"end":{"line":21,"column":24}},"9":{"start":{"line":23,"column":4},"end":{"line":23,"column":57}},"10":{"start":{"line":24,"column":4},"end":{"line":24,"column":36}},"11":{"start":{"line":29,"column":4},"end":{"line":29,"column":45}},"12":{"start":{"line":30,"column":4},"end":{"line":30,"column":871}},"13":{"start":{"line":31,"column":6},"end":{"line":31,"column":14}},"14":{"start":{"line":33,"column":4},"end":{"line":33,"column":899}},"15":{"start":{"line":34,"column":6},"end":{"line":34,"column":14}},"16":{"start":{"line":35,"column":17},"end":{"line":35,"column":55}},"17":{"start":{"line":36,"column":6},"end":{"line":36,"column":18}},"18":{"start":{"line":39,"column":17},"end":{"line":39,"column":58}},"19":{"start":{"line":40,"column":6},"end":{"line":40,"column":66}},"20":{"start":{"line":42,"column":4},"end":{"line":42,"column":17}}},"branchMap":{"1":{"line":11,"type":"if","locations":[{"start":{"line":11,"column":4},"end":{"line":11,"column":4}},{"start":{"line":11,"column":4},"end":{"line":11,"column":4}}]},"2":{"line":15,"type":"if","locations":[{"start":{"line":15,"column":4},"end":{"line":15,"column":4}},{"start":{"line":15,"column":4},"end":{"line":15,"column":4}}]},"3":{"line":17,"type":"if","locations":[{"start":{"line":17,"column":6},"end":{"line":17,"column":6}},{"start":{"line":17,"column":6},"end":{"line":17,"column":6}}]},"4":{"line":23,"type":"if","locations":[{"start":{"line":23,"column":4},"end":{"line":23,"column":4}},{"start":{"line":23,"column":4},"end":{"line":23,"column":4}}]},"5":{"line":30,"type":"if","locations":[{"start":{"line":30,"column":4},"end":{"line":30,"column":4}},{"start":{"line":30,"column":4},"end":{"line":30,"column":4}}]},"6":{"line":33,"type":"if","locations":[{"start":{"line":33,"column":4},"end":{"line":33,"column":4}},{"start":{"line":33,"column":4},"end":{"line":33,"column":4}}]},"7":{"line":40,"type":"if","locations":[{"start":{"line":40,"column":6},"end":{"line":40,"column":6}},{"start":{"line":40,"column":6},"end":{"line":40,"column":6}}]}}},
"contracts/interfaces/IPool.sol":{"l":{},"path":"/home/kojche/Documents/projects/swim-protocol/swim/packages/evm-contracts/contracts/interfaces/IPool.sol","s":{},"b":{},"f":{},"fnMap":{},"statementMap":{},"branchMap":{}},
"contracts/interfaces/IRouting.sol":{"l":{},"path":"/home/kojche/Documents/projects/swim-protocol/swim/packages/evm-contracts/contracts/interfaces/IRouting.sol","s":{},"b":{},"f":{},"fnMap":{},"statementMap":{},"branchMap":{}},
"contracts/interfaces/IStructs.sol":{"l":{},"path":"/home/kojche/Documents/projects/swim-protocol/swim/packages/evm-contracts/contracts/interfaces/IStructs.sol","s":{},"b":{},"f":{},"fnMap":{},"statementMap":{},"branchMap":{}},
"contracts/interfaces/ITokenBridge.sol":{"l":{},"path":"/home/kojche/Documents/projects/swim-protocol/swim/packages/evm-contracts/contracts/interfaces/ITokenBridge.sol","s":{},"b":{},"f":{},"fnMap":{},"statementMap":{},"branchMap":{}},
"contracts/interfaces/IWormhole.sol":{"l":{},"path":"/home/kojche/Documents/projects/swim-protocol/swim/packages/evm-contracts/contracts/interfaces/IWormhole.sol","s":{},"b":{},"f":{},"fnMap":{},"statementMap":{},"branchMap":{}},
"contracts/Invariant.sol":{"l":{"97":0,"98":0,"103":0,"107":0,"111":0,"112":0,"115":0,"116":0,"118":0,"119":0,"120":0,"122":0,"123":0,"124":0,"126":0,"127":0,"128":0,"130":0,"131":0,"132":0,"134":0,"135":0,"136":0,"138":0,"139":0,"140":0,"142":0,"143":0,"149":0,"150":0,"151":0,"152":0,"153":0,"154":0,"155":0,"157":0,"171":0,"173":0,"174":0,"175":0,"176":0,"179":0,"180":0,"182":0,"184":0,"185":0,"186":0,"188":0,"189":0,"190":0,"191":0,"192":0,"194":0,"196":0,"197":0,"198":0,"212":0,"215":0,"219":0,"232":0,"233":0,"234":0,"235":0,"236":0,"237":0,"240":0,"241":0,"242":0,"243":0,"244":0,"245":0,"246":0,"283":0,"285":0},"path":"/home/kojche/Documents/projects/swim-protocol/swim/packages/evm-contracts/contracts/Invariant.sol","s":{"1":0,"2":0,"3":0,"4":0,"5":0,"6":0,"7":0,"8":0,"9":0,"10":0,"11":0,"12":0,"13":0,"14":0,"15":0,"16":0,"17":0,"18":0,"19":0,"20":0,"21":0,"22":0,"23":0,"24":0,"25":0,"26":0,"27":0,"28":0,"29":0,"30":0,"31":0,"32":0,"33":0,"34":0,"35":0,"36":0,"37":0,"38":0,"39":0,"40":0,"41":0,"42":0,"43":0,"44":0,"45":0,"46":0,"47":0,"48":0,"49":0,"50":0,"51":0,"52":0,"53":0,"54":0,"55":0,"56":0,"57":0,"58":0,"59":0,"60":0,"61":0,"62":0,"63":0,"64":0,"65":0,"66":0,"67":0,"68":0,"69":0,"70":0,"71":0,"72":0},"b":{"1":[0,0],"2":[0,0],"3":[0,0],"4":[0,0],"5":[0,0],"6":[0,0],"7":[0,0],"8":[0,0],"9":[0,0],"10":[0,0],"11":[0,0],"12":[0,0],"13":[0,0]},"f":{"1":0,"2":0,"3":0,"4":0,"5":0,"6":0},"fnMap":{"1":{"name":"sum","line":96,"loc":{"start":{"line":96,"column":0},"end":{"line":100,"column":1}}},"2":{"name":"absDiff","line":102,"loc":{"start":{"line":102,"column":0},"end":{"line":104,"column":1}}},"3":{"name":"min","line":106,"loc":{"start":{"line":106,"column":0},"end":{"line":108,"column":0}}},"4":{"name":"sqrt","line":110,"loc":{"start":{"line":110,"column":0},"end":{"line":158,"column":1}}},"5":{"name":"calculateUnknownBalance","line":160,"loc":{"start":{"line":160,"column":0},"end":{"line":220,"column":1}}},"6":{"name":"calculateDepth","line":222,"loc":{"start":{"line":222,"column":0},"end":{"line":286,"column":1}}}},"statementMap":{"1":{"start":{"line":97,"column":2},"end":{"line":97,"column":4612}},"2":{"start":{"line":98,"column":4},"end":{"line":98,"column":40}},"3":{"start":{"line":103,"column":2},"end":{"line":103,"column":38}},"4":{"start":{"line":107,"column":2},"end":{"line":107,"column":30}},"5":{"start":{"line":111,"column":2},"end":{"line":111,"column":4994}},"6":{"start":{"line":112,"column":6},"end":{"line":112,"column":14}},"7":{"start":{"line":115,"column":2},"end":{"line":115,"column":27}},"8":{"start":{"line":116,"column":2},"end":{"line":116,"column":15}},"9":{"start":{"line":118,"column":2},"end":{"line":118,"column":5189}},"10":{"start":{"line":119,"column":6},"end":{"line":119,"column":22}},"11":{"start":{"line":120,"column":6},"end":{"line":120,"column":16}},"12":{"start":{"line":122,"column":2},"end":{"line":122,"column":5267}},"13":{"start":{"line":123,"column":6},"end":{"line":123,"column":21}},"14":{"start":{"line":124,"column":6},"end":{"line":124,"column":16}},"15":{"start":{"line":126,"column":2},"end":{"line":126,"column":5343}},"16":{"start":{"line":127,"column":6},"end":{"line":127,"column":21}},"17":{"start":{"line":128,"column":6},"end":{"line":128,"column":16}},"18":{"start":{"line":130,"column":2},"end":{"line":130,"column":5419}},"19":{"start":{"line":131,"column":6},"end":{"line":131,"column":21}},"20":{"start":{"line":132,"column":6},"end":{"line":132,"column":15}},"21":{"start":{"line":134,"column":2},"end":{"line":134,"column":5494}},"22":{"start":{"line":135,"column":6},"end":{"line":135,"column":20}},"23":{"start":{"line":136,"column":6},"end":{"line":136,"column":15}},"24":{"start":{"line":138,"column":2},"end":{"line":138,"column":5567}},"25":{"start":{"line":139,"column":6},"end":{"line":139,"column":20}},"26":{"start":{"line":140,"column":6},"end":{"line":140,"column":15}},"27":{"start":{"line":142,"column":2},"end":{"line":142,"column":5640}},"28":{"start":{"line":143,"column":6},"end":{"line":143,"column":15}},"29":{"start":{"line":149,"column":2},"end":{"line":149,"column":37}},"30":{"start":{"line":150,"column":2},"end":{"line":150,"column":37}},"31":{"start":{"line":151,"column":2},"end":{"line":151,"column":37}},"32":{"start":{"line":152,"column":2},"end":{"line":152,"column":37}},"33":{"start":{"line":153,"column":2},"end":{"line":153,"column":37}},"34":{"start":{"line":154,"column":2},"end":{"line":154,"column":37}},"35":{"start":{"line":155,"column":2},"end":{"line":155,"column":37}},"36":{"start":{"line":157,"column":2},"end":{"line":157,"column":35}},"37":{"start":{"line":171,"column":2},"end":{"line":171,"column":21}},"38":{"start":{"line":173,"column":2},"end":{"line":173,"column":6658}},"39":{"start":{"line":174,"column":4},"end":{"line":174,"column":33}},"40":{"start":{"line":175,"column":4},"end":{"line":175,"column":61}},"41":{"start":{"line":176,"column":4},"end":{"line":176,"column":23}},"42":{"start":{"line":179,"column":4},"end":{"line":179,"column":56}},"43":{"start":{"line":180,"column":4},"end":{"line":180,"column":6919}},"44":{"start":{"line":182,"column":6},"end":{"line":182,"column":28}},"45":{"start":{"line":184,"column":6},"end":{"line":184,"column":63}},"46":{"start":{"line":185,"column":6},"end":{"line":185,"column":43}},"47":{"start":{"line":186,"column":6},"end":{"line":186,"column":64}},"48":{"start":{"line":188,"column":4},"end":{"line":188,"column":26}},"49":{"start":{"line":189,"column":4},"end":{"line":189,"column":62}},"50":{"start":{"line":190,"column":4},"end":{"line":190,"column":53}},"51":{"start":{"line":191,"column":4},"end":{"line":191,"column":31}},"52":{"start":{"line":192,"column":4},"end":{"line":192,"column":53}},"53":{"start":{"line":194,"column":4},"end":{"line":194,"column":83}},"54":{"start":{"line":196,"column":4},"end":{"line":196,"column":64}},"55":{"start":{"line":197,"column":4},"end":{"line":197,"column":31}},"56":{"start":{"line":212,"column":2},"end":{"line":212,"column":28}},"57":{"start":{"line":215,"column":2},"end":{"line":215,"column":8538}},"58":{"start":{"line":219,"column":2},"end":{"line":219,"column":47}},"59":{"start":{"line":232,"column":2},"end":{"line":232,"column":9056}},"60":{"start":{"line":233,"column":4},"end":{"line":233,"column":12}},"61":{"start":{"line":234,"column":4},"end":{"line":234,"column":51}},"62":{"start":{"line":235,"column":4},"end":{"line":235,"column":51}},"63":{"start":{"line":236,"column":4},"end":{"line":236,"column":22}},"64":{"start":{"line":237,"column":4},"end":{"line":237,"column":16}},"65":{"start":{"line":240,"column":2},"end":{"line":240,"column":39}},"66":{"start":{"line":241,"column":2},"end":{"line":241,"column":41}},"67":{"start":{"line":242,"column":2},"end":{"line":242,"column":58}},"68":{"start":{"line":243,"column":2},"end":{"line":243,"column":61}},"69":{"start":{"line":244,"column":2},"end":{"line":244,"column":58}},"70":{"start":{"line":245,"column":2},"end":{"line":245,"column":20}},"71":{"start":{"line":283,"column":2},"end":{"line":283,"column":19}},"72":{"start":{"line":285,"column":2},"end":{"line":285,"column":14}}},"branchMap":{"1":{"line":111,"type":"if","locations":[{"start":{"line":111,"column":2},"end":{"line":111,"column":2}},{"start":{"line":111,"column":2},"end":{"line":111,"column":2}}]},"2":{"line":118,"type":"if","locations":[{"start":{"line":118,"column":2},"end":{"line":118,"column":2}},{"start":{"line":118,"column":2},"end":{"line":118,"column":2}}]},"3":{"line":122,"type":"if","locations":[{"start":{"line":122,"column":2},"end":{"line":122,"column":2}},{"start":{"line":122,"column":2},"end":{"line":122,"column":2}}]},"4":{"line":126,"type":"if","locations":[{"start":{"line":126,"column":2},"end":{"line":126,"column":2}},{"start":{"line":126,"column":2},"end":{"line":126,"column":2}}]},"5":{"line":130,"type":"if","locations":[{"start":{"line":130,"column":2},"end":{"line":130,"column":2}},{"start":{"line":130,"column":2},"end":{"line":130,"column":2}}]},"6":{"line":134,"type":"if","locations":[{"start":{"line":134,"column":2},"end":{"line":134,"column":2}},{"start":{"line":134,"column":2},"end":{"line":134,"column":2}}]},"7":{"line":138,"type":"if","locations":[{"start":{"line":138,"column":2},"end":{"line":138,"column":2}},{"start":{"line":138,"column":2},"end":{"line":138,"column":2}}]},"8":{"line":142,"type":"if","locations":[{"start":{"line":142,"column":2},"end":{"line":142,"column":2}},{"start":{"line":142,"column":2},"end":{"line":142,"column":2}}]},"9":{"line":173,"type":"if","locations":[{"start":{"line":173,"column":2},"end":{"line":173,"column":2}},{"start":{"line":173,"column":2},"end":{"line":173,"column":2}}]},"10":{"line":212,"type":"if","locations":[{"start":{"line":212,"column":2},"end":{"line":212,"column":2}},{"start":{"line":212,"column":2},"end":{"line":212,"column":2}}]},"11":{"line":215,"type":"if","locations":[{"start":{"line":215,"column":2},"end":{"line":215,"column":2}},{"start":{"line":215,"column":2},"end":{"line":215,"column":2}}]},"12":{"line":232,"type":"if","locations":[{"start":{"line":232,"column":2},"end":{"line":232,"column":2}},{"start":{"line":232,"column":2},"end":{"line":232,"column":2}}]},"13":{"line":283,"type":"if","locations":[{"start":{"line":283,"column":2},"end":{"line":283,"column":2}},{"start":{"line":283,"column":2},"end":{"line":283,"column":2}}]}}},
"contracts/LpToken.sol":{"l":{"12":0,"13":0,"14":0,"15":0,"20":0},"path":"/home/kojche/Documents/projects/swim-protocol/swim/packages/evm-contracts/contracts/LpToken.sol","s":{"1":0,"2":0,"3":0,"4":0,"5":0},"b":{},"f":{"1":0,"2":0},"fnMap":{"1":{"name":"initialize","line":10,"loc":{"start":{"line":9,"column":2},"end":{"line":16,"column":2}}},"2":{"name":"mint","line":18,"loc":{"start":{"line":18,"column":2},"end":{"line":21,"column":2}}}},"statementMap":{"1":{"start":{"line":12,"column":4},"end":{"line":12,"column":29}},"2":{"start":{"line":13,"column":4},"end":{"line":13,"column":39}},"3":{"start":{"line":14,"column":4},"end":{"line":14,"column":29}},"4":{"start":{"line":15,"column":4},"end":{"line":15,"column":15}},"5":{"start":{"line":20,"column":6},"end":{"line":20,"column":29}}},"branchMap":{}},
"contracts/Pool.sol":{"l":{"70":0,"71":0,"72":0,"73":0,"75":0,"76":0,"77":0,"78":0,"81":0,"82":0,"84":0,"85":0,"89":0,"93":0,"94":0,"98":0,"99":0,"100":0,"101":0,"103":0,"104":0,"105":0,"106":0,"110":0,"111":0,"115":0,"116":0,"120":0,"129":0,"130":0,"136":0,"145":0,"146":0,"147":0,"149":0,"150":0,"152":0,"153":0,"154":0,"155":0,"156":0,"157":0,"158":0,"166":0,"168":0,"169":0,"170":0,"171":0,"172":0,"174":0,"183":0,"186":0,"187":0,"188":0,"190":0,"191":0,"192":0,"193":0,"195":0,"202":0,"204":0,"207":0,"208":0,"213":0,"216":0,"217":0,"218":0,"219":0,"220":0,"222":0,"230":0,"232":0,"233":0,"236":0,"238":0,"241":0,"242":0,"243":0,"244":0,"245":0,"256":0,"258":0,"259":0,"260":0,"262":0,"265":0,"266":0,"267":0,"268":0,"270":0,"271":0,"279":0,"281":0,"282":0,"283":0,"286":0,"287":0,"292":0,"295":0,"296":0,"297":0,"298":0,"299":0,"301":0,"311":0,"313":0,"314":0,"315":0,"318":0,"319":0,"322":0,"325":0,"326":0,"327":0,"328":0,"329":0,"335":0,"339":0,"340":0,"344":0,"345":0,"346":0,"347":0,"351":0,"359":0,"360":0,"361":0,"362":0,"366":0,"371":0,"376":0,"377":0,"387":0,"392":0,"393":0,"394":0,"395":0,"399":0,"400":0,"401":0,"406":0,"407":0,"408":0,"417":0,"418":0,"419":0,"427":0,"428":0,"429":0,"430":0,"442":0,"443":0,"444":0,"445":0,"454":0,"455":0,"456":0,"461":0,"462":0,"463":0,"464":0,"465":0,"466":0,"467":0,"468":0,"469":0,"470":0,"471":0,"474":0},"path":"/home/kojche/Documents/projects/swim-protocol/swim/packages/evm-contracts/contracts/Pool.sol","s":{"1":0,"2":0,"3":0,"4":0,"5":0,"6":0,"7":0,"8":0,"9":0,"10":0,"11":0,"12":0,"13":0,"14":0,"15":0,"16":0,"17":0,"18":0,"19":0,"20":0,"21":0,"22":0,"23":0,"24":0,"25":0,"26":0,"27":0,"28":0,"29":0,"30":0,"31":0,"32":0,"33":0,"34":0,"35":0,"36":0,"37":0,"38":0,"39":0,"40":0,"41":0,"42":0,"43":0,"44":0,"45":0,"46":0,"47":0,"48":0,"49":0,"50":0,"51":0,"52":0,"53":0,"54":0,"55":0,"56":0,"57":0,"58":0,"59":0,"60":0,"61":0,"62":0,"63":0,"64":0,"65":0,"66":0,"67":0,"68":0,"69":0,"70":0,"71":0,"72":0,"73":0,"74":0,"75":0,"76":0,"77":0,"78":0,"79":0,"80":0,"81":0,"82":0,"83":0,"84":0,"85":0,"86":0,"87":0,"88":0,"89":0,"90":0,"91":0,"92":0,"93":0,"94":0,"95":0,"96":0,"97":0,"98":0,"99":0,"100":0,"101":0,"102":0,"103":0,"104":0,"105":0,"106":0,"107":0,"108":0,"109":0,"110":0,"111":0,"112":0,"113":0,"114":0,"115":0,"116":0,"117":0,"118":0,"119":0,"120":0,"121":0,"122":0,"123":0,"124":0,"125":0,"126":0,"127":0,"128":0,"129":0,"130":0,"131":0,"132":0,"133":0,"134":0,"135":0,"136":0,"137":0,"138":0,"139":0,"140":0,"141":0,"142":0,"143":0,"144":0,"145":0,"146":0,"147":0,"148":0,"149":0,"150":0,"151":0,"152":0,"153":0,"154":0,"155":0,"156":0,"157":0,"158":0,"159":0,"160":0,"161":0,"162":0,"163":0,"164":0,"165":0,"166":0,"167":0},"b":{"1":[0,0],"2":[0,0],"3":[0,0],"4":[0,0],"5":[0,0],"6":[0,0],"7":[0,0],"8":[0,0],"9":[0,0],"10":[0,0],"11":[0,0],"12":[0,0],"13":[0,0],"14":[0,0],"15":[0,0],"16":[0,0],"17":[0,0],"18":[0,0],"19":[0,0],"20":[0,0],"21":[0,0],"22":[0,0],"23":[0,0],"24":[0,0],"25":[0,0],"26":[0,0],"27":[0,0],"28":[0,0],"29":[0,0],"30":[0,0],"31":[0,0],"32":[0,0],"33":[0,0],"34":[0,0],"35":[0,0],"36":[0,0],"37":[0,0],"38":[0,0],"39":[0,0],"40":[0,0],"41":[0,0],"42":[0,0]},"f":{"1":0,"2":0,"3":0,"4":0,"5":0,"6":0,"7":0,"8":0,"9":0,"10":0,"11":0,"12":0,"13":0,"14":0,"15":0,"16":0,"17":0,"18":0,"19":0,"20":0,"21":0,"22":0,"23":0,"24":0},"fnMap":{"1":{"name":"initialize","line":69,"loc":{"start":{"line":58,"column":2},"end":{"line":107,"column":2}}},"2":{"name":"notPaused","line":109,"loc":{"start":{"line":109,"column":2},"end":{"line":112,"column":2}}},"3":{"name":"onlyGovernance","line":114,"loc":{"start":{"line":114,"column":2},"end":{"line":117,"column":2}}},"4":{"name":"getState","line":119,"loc":{"start":{"line":119,"column":2},"end":{"line":137,"column":2}}},"5":{"name":"removeUniform","line":143,"loc":{"start":{"line":143,"column":2},"end":{"line":160,"column":2}}},"6":{"name":"add","line":165,"loc":{"start":{"line":162,"column":2},"end":{"line":196,"column":3}}},"7":{"name":"removeExactOutput","line":201,"loc":{"start":{"line":198,"column":2},"end":{"line":223,"column":3}}},"8":{"name":"removeExactBurn","line":229,"loc":{"start":{"line":225,"column":2},"end":{"line":246,"column":2}}},"9":{"name":"swapExactInput","line":255,"loc":{"start":{"line":251,"column":2},"end":{"line":272,"column":3}}},"10":{"name":"swapExactOutput","line":278,"loc":{"start":{"line":274,"column":2},"end":{"line":302,"column":3}}},"11":{"name":"swap","line":310,"loc":{"start":{"line":305,"column":2},"end":{"line":330,"column":3}}},"12":{"name":"setFees","line":334,"loc":{"start":{"line":334,"column":2},"end":{"line":336,"column":2}}},"13":{"name":"adjustAmpFactor","line":338,"loc":{"start":{"line":338,"column":2},"end":{"line":363,"column":2}}},"14":{"name":"setPaused","line":365,"loc":{"start":{"line":365,"column":2},"end":{"line":368,"column":2}}},"15":{"name":"transferGovernance","line":370,"loc":{"start":{"line":370,"column":2},"end":{"line":373,"column":2}}},"16":{"name":"changeGovernanceFeeRecipient","line":375,"loc":{"start":{"line":375,"column":2},"end":{"line":379,"column":2}}},"17":{"name":"_authorizeUpgrade","line":382,"loc":{"start":{"line":382,"column":2},"end":{"line":382,"column":72}}},"18":{"name":"_setFees","line":386,"loc":{"start":{"line":386,"column":2},"end":{"line":396,"column":2}}},"19":{"name":"safeTransferFrom","line":398,"loc":{"start":{"line":398,"column":2},"end":{"line":403,"column":2}}},"20":{"name":"safeTransfer","line":405,"loc":{"start":{"line":405,"column":2},"end":{"line":410,"column":2}}},"21":{"name":"mintGovernanceFee","line":412,"loc":{"start":{"line":412,"column":2},"end":{"line":421,"column":2}}},"22":{"name":"equalizeAmounts","line":425,"loc":{"start":{"line":425,"column":2},"end":{"line":432,"column":2}}},"23":{"name":"defiParas","line":436,"loc":{"start":{"line":436,"column":2},"end":{"line":458,"column":3}}},"24":{"name":"getAmpFactor","line":460,"loc":{"start":{"line":460,"column":2},"end":{"line":476,"column":3}}}},"statementMap":{"1":{"start":{"line":70,"column":4},"end":{"line":70,"column":56}},"2":{"start":{"line":71,"column":4},"end":{"line":71,"column":91}},"3":{"start":{"line":72,"column":4},"end":{"line":72,"column":38}},"4":{"start":{"line":73,"column":4},"end":{"line":73,"column":43}},"5":{"start":{"line":75,"column":4},"end":{"line":75,"column":48}},"6":{"start":{"line":76,"column":4},"end":{"line":76,"column":84}},"7":{"start":{"line":77,"column":4},"end":{"line":77,"column":95}},"8":{"start":{"line":78,"column":4},"end":{"line":78,"column":34}},"9":{"start":{"line":81,"column":4},"end":{"line":81,"column":70}},"10":{"start":{"line":82,"column":4},"end":{"line":82,"column":2872}},"11":{"start":{"line":84,"column":6},"end":{"line":84,"column":51}},"12":{"start":{"line":85,"column":6},"end":{"line":85,"column":3044}},"13":{"start":{"line":89,"column":6},"end":{"line":89,"column":57}},"14":{"start":{"line":93,"column":4},"end":{"line":93,"column":70}},"15":{"start":{"line":94,"column":4},"end":{"line":94,"column":3401}},"16":{"start":{"line":98,"column":4},"end":{"line":98,"column":22}},"17":{"start":{"line":99,"column":4},"end":{"line":99,"column":26}},"18":{"start":{"line":100,"column":4},"end":{"line":100,"column":50}},"19":{"start":{"line":101,"column":4},"end":{"line":101,"column":25}},"20":{"start":{"line":103,"column":4},"end":{"line":103,"column":51}},"21":{"start":{"line":104,"column":4},"end":{"line":104,"column":34}},"22":{"start":{"line":105,"column":4},"end":{"line":105,"column":17}},"23":{"start":{"line":106,"column":4},"end":{"line":106,"column":26}},"24":{"start":{"line":110,"column":4},"end":{"line":110,"column":19}},"25":{"start":{"line":115,"column":4},"end":{"line":115,"column":36}},"26":{"start":{"line":120,"column":4},"end":{"line":120,"column":4006}},"27":{"start":{"line":129,"column":4},"end":{"line":129,"column":4389}},"28":{"start":{"line":130,"column":6},"end":{"line":130,"column":4448}},"29":{"start":{"line":136,"column":4},"end":{"line":136,"column":16}},"30":{"start":{"line":145,"column":4},"end":{"line":145,"column":33}},"31":{"start":{"line":146,"column":4},"end":{"line":146,"column":47}},"32":{"start":{"line":147,"column":4},"end":{"line":147,"column":46}},"33":{"start":{"line":149,"column":4},"end":{"line":149,"column":43}},"34":{"start":{"line":150,"column":4},"end":{"line":150,"column":42}},"35":{"start":{"line":152,"column":4},"end":{"line":152,"column":5148}},"36":{"start":{"line":153,"column":6},"end":{"line":153,"column":55}},"37":{"start":{"line":154,"column":6},"end":{"line":154,"column":59}},"38":{"start":{"line":155,"column":6},"end":{"line":155,"column":66}},"39":{"start":{"line":156,"column":6},"end":{"line":156,"column":53}},"40":{"start":{"line":157,"column":6},"end":{"line":157,"column":53}},"41":{"start":{"line":158,"column":6},"end":{"line":158,"column":36}},"42":{"start":{"line":166,"column":4},"end":{"line":166,"column":98}},"43":{"start":{"line":168,"column":4},"end":{"line":168,"column":81}},"44":{"start":{"line":169,"column":4},"end":{"line":169,"column":25}},"45":{"start":{"line":170,"column":4},"end":{"line":170,"column":5901}},"46":{"start":{"line":171,"column":6},"end":{"line":171,"column":5958}},"47":{"start":{"line":172,"column":8},"end":{"line":172,"column":74}},"48":{"start":{"line":174,"column":6},"end":{"line":174,"column":77}},"49":{"start":{"line":183,"column":6},"end":{"line":183,"column":40}},"50":{"start":{"line":186,"column":6},"end":{"line":186,"column":37}},"51":{"start":{"line":187,"column":6},"end":{"line":187,"column":89}},"52":{"start":{"line":188,"column":6},"end":{"line":188,"column":67}},"53":{"start":{"line":190,"column":4},"end":{"line":190,"column":55}},"54":{"start":{"line":191,"column":4},"end":{"line":191,"column":43}},"55":{"start":{"line":192,"column":4},"end":{"line":192,"column":7076}},"56":{"start":{"line":193,"column":6},"end":{"line":193,"column":41}},"57":{"start":{"line":195,"column":4},"end":{"line":195,"column":39}},"58":{"start":{"line":202,"column":4},"end":{"line":202,"column":98}},"59":{"start":{"line":204,"column":4},"end":{"line":204,"column":83}},"60":{"start":{"line":207,"column":4},"end":{"line":207,"column":7695}},"61":{"start":{"line":208,"column":6},"end":{"line":208,"column":7745}},"62":{"start":{"line":213,"column":4},"end":{"line":213,"column":7901}},"63":{"start":{"line":216,"column":4},"end":{"line":216,"column":55}},"64":{"start":{"line":217,"column":4},"end":{"line":217,"column":43}},"65":{"start":{"line":218,"column":4},"end":{"line":218,"column":43}},"66":{"start":{"line":219,"column":4},"end":{"line":219,"column":8121}},"67":{"start":{"line":220,"column":6},"end":{"line":220,"column":38}},"68":{"start":{"line":222,"column":4},"end":{"line":222,"column":65}},"69":{"start":{"line":230,"column":4},"end":{"line":230,"column":98}},"70":{"start":{"line":232,"column":4},"end":{"line":232,"column":42}},"71":{"start":{"line":233,"column":4},"end":{"line":233,"column":64}},"72":{"start":{"line":236,"column":4},"end":{"line":236,"column":80}},"73":{"start":{"line":238,"column":4},"end":{"line":238,"column":8942}},"74":{"start":{"line":241,"column":4},"end":{"line":241,"column":90}},"75":{"start":{"line":242,"column":4},"end":{"line":242,"column":47}},"76":{"start":{"line":243,"column":4},"end":{"line":243,"column":43}},"77":{"start":{"line":244,"column":4},"end":{"line":244,"column":47}},"78":{"start":{"line":245,"column":4},"end":{"line":245,"column":65}},"79":{"start":{"line":256,"column":4},"end":{"line":256,"column":98}},"80":{"start":{"line":258,"column":4},"end":{"line":258,"column":42}},"81":{"start":{"line":259,"column":4},"end":{"line":259,"column":47}},"82":{"start":{"line":260,"column":4},"end":{"line":260,"column":81}},"83":{"start":{"line":262,"column":4},"end":{"line":262,"column":9993}},"84":{"start":{"line":265,"column":4},"end":{"line":265,"column":90}},"85":{"start":{"line":266,"column":4},"end":{"line":266,"column":47}},"86":{"start":{"line":267,"column":4},"end":{"line":267,"column":10208}},"87":{"start":{"line":268,"column":6},"end":{"line":268,"column":41}},"88":{"start":{"line":270,"column":4},"end":{"line":270,"column":47}},"89":{"start":{"line":271,"column":4},"end":{"line":271,"column":65}},"90":{"start":{"line":279,"column":4},"end":{"line":279,"column":98}},"91":{"start":{"line":281,"column":4},"end":{"line":281,"column":41}},"92":{"start":{"line":282,"column":4},"end":{"line":282,"column":47}},"93":{"start":{"line":283,"column":4},"end":{"line":283,"column":83}},"94":{"start":{"line":286,"column":4},"end":{"line":286,"column":11024}},"95":{"start":{"line":287,"column":6},"end":{"line":287,"column":11073}},"96":{"start":{"line":292,"column":4},"end":{"line":292,"column":11242}},"97":{"start":{"line":295,"column":4},"end":{"line":295,"column":87}},"98":{"start":{"line":296,"column":4},"end":{"line":296,"column":45}},"99":{"start":{"line":297,"column":4},"end":{"line":297,"column":49}},"100":{"start":{"line":298,"column":4},"end":{"line":298,"column":11503}},"101":{"start":{"line":299,"column":6},"end":{"line":299,"column":38}},"102":{"start":{"line":301,"column":4},"end":{"line":301,"column":65}},"103":{"start":{"line":311,"column":4},"end":{"line":311,"column":98}},"104":{"start":{"line":313,"column":4},"end":{"line":313,"column":41}},"105":{"start":{"line":314,"column":4},"end":{"line":314,"column":42}},"106":{"start":{"line":315,"column":4},"end":{"line":315,"column":47}},"107":{"start":{"line":318,"column":4},"end":{"line":318,"column":67}},"108":{"start":{"line":319,"column":4},"end":{"line":319,"column":12454}},"109":{"start":{"line":322,"column":4},"end":{"line":322,"column":12559}},"110":{"start":{"line":325,"column":4},"end":{"line":325,"column":90}},"111":{"start":{"line":326,"column":4},"end":{"line":326,"column":47}},"112":{"start":{"line":327,"column":4},"end":{"line":327,"column":49}},"113":{"start":{"line":328,"column":4},"end":{"line":328,"column":47}},"114":{"start":{"line":329,"column":4},"end":{"line":329,"column":65}},"115":{"start":{"line":335,"column":4},"end":{"line":335,"column":34}},"116":{"start":{"line":339,"column":4},"end":{"line":339,"column":48}},"117":{"start":{"line":340,"column":4},"end":{"line":340,"column":13302}},"118":{"start":{"line":344,"column":4},"end":{"line":344,"column":72}},"119":{"start":{"line":345,"column":4},"end":{"line":345,"column":57}},"120":{"start":{"line":346,"column":4},"end":{"line":346,"column":74}},"121":{"start":{"line":347,"column":4},"end":{"line":347,"column":13619}},"122":{"start":{"line":351,"column":4},"end":{"line":351,"column":13768}},"123":{"start":{"line":359,"column":4},"end":{"line":359,"column":44}},"124":{"start":{"line":360,"column":4},"end":{"line":360,"column":49}},"125":{"start":{"line":361,"column":4},"end":{"line":361,"column":43}},"126":{"start":{"line":362,"column":4},"end":{"line":362,"column":39}},"127":{"start":{"line":366,"column":4},"end":{"line":366,"column":19}},"128":{"start":{"line":371,"column":4},"end":{"line":371,"column":27}},"129":{"start":{"line":376,"column":4},"end":{"line":376,"column":66}},"130":{"start":{"line":377,"column":4},"end":{"line":377,"column":51}},"131":{"start":{"line":387,"column":4},"end":{"line":387,"column":45}},"132":{"start":{"line":392,"column":4},"end":{"line":392,"column":82}},"133":{"start":{"line":393,"column":4},"end":{"line":393,"column":66}},"134":{"start":{"line":394,"column":4},"end":{"line":394,"column":23}},"135":{"start":{"line":395,"column":4},"end":{"line":395,"column":33}},"136":{"start":{"line":399,"column":4},"end":{"line":399,"column":15713}},"137":{"start":{"line":400,"column":6},"end":{"line":400,"column":64}},"138":{"start":{"line":401,"column":6},"end":{"line":401,"column":71}},"139":{"start":{"line":406,"column":4},"end":{"line":406,"column":15962}},"140":{"start":{"line":407,"column":6},"end":{"line":407,"column":64}},"141":{"start":{"line":408,"column":6},"end":{"line":408,"column":53}},"142":{"start":{"line":417,"column":4},"end":{"line":417,"column":16247}},"143":{"start":{"line":418,"column":6},"end":{"line":418,"column":78}},"144":{"start":{"line":419,"column":6},"end":{"line":419,"column":58}},"145":{"start":{"line":427,"column":4},"end":{"line":427,"column":83}},"146":{"start":{"line":428,"column":4},"end":{"line":428,"column":43}},"147":{"start":{"line":429,"column":4},"end":{"line":429,"column":16794}},"148":{"start":{"line":430,"column":6},"end":{"line":430,"column":72}},"149":{"start":{"line":442,"column":4},"end":{"line":442,"column":27}},"150":{"start":{"line":443,"column":4},"end":{"line":443,"column":38}},"151":{"start":{"line":444,"column":4},"end":{"line":444,"column":38}},"152":{"start":{"line":445,"column":4},"end":{"line":445,"column":17354}},"153":{"start":{"line":454,"column":4},"end":{"line":454,"column":17563}},"154":{"start":{"line":455,"column":6},"end":{"line":455,"column":76}},"155":{"start":{"line":456,"column":6},"end":{"line":456,"column":73}},"156":{"start":{"line":461,"column":4},"end":{"line":461,"column":47}},"157":{"start":{"line":462,"column":4},"end":{"line":462,"column":59}},"158":{"start":{"line":463,"column":4},"end":{"line":463,"column":17964}},"159":{"start":{"line":464,"column":6},"end":{"line":464,"column":63}},"160":{"start":{"line":465,"column":6},"end":{"line":465,"column":55}},"161":{"start":{"line":466,"column":6},"end":{"line":466,"column":53}},"162":{"start":{"line":467,"column":6},"end":{"line":467,"column":67}},"163":{"start":{"line":468,"column":6},"end":{"line":468,"column":68}},"164":{"start":{"line":469,"column":6},"end":{"line":469,"column":74}},"165":{"start":{"line":470,"column":6},"end":{"line":470,"column":79}},"166":{"start":{"line":471,"column":6},"end":{"line":471,"column":55}},"167":{"start":{"line":474,"column":6},"end":{"line":474,"column":45}}},"branchMap":{"1":{"line":71,"type":"if","locations":[{"start":{"line":71,"column":4},"end":{"line":71,"column":4}},{"start":{"line":71,"column":4},"end":{"line":71,"column":4}}]},"2":{"line":76,"type":"if","locations":[{"start":{"line":76,"column":4},"end":{"line":76,"column":4}},{"start":{"line":76,"column":4},"end":{"line":76,"column":4}}]},"3":{"line":77,"type":"if","locations":[{"start":{"line":77,"column":4},"end":{"line":77,"column":4}},{"start":{"line":77,"column":4},"end":{"line":77,"column":4}}]},"4":{"line":81,"type":"if","locations":[{"start":{"line":81,"column":4},"end":{"line":81,"column":4}},{"start":{"line":81,"column":4},"end":{"line":81,"column":4}}]},"5":{"line":85,"type":"if","locations":[{"start":{"line":85,"column":6},"end":{"line":85,"column":6}},{"start":{"line":85,"column":6},"end":{"line":85,"column":6}}]},"6":{"line":93,"type":"if","locations":[{"start":{"line":93,"column":4},"end":{"line":93,"column":4}},{"start":{"line":93,"column":4},"end":{"line":93,"column":4}}]},"7":{"line":94,"type":"if","locations":[{"start":{"line":94,"column":4},"end":{"line":94,"column":4}},{"start":{"line":94,"column":4},"end":{"line":94,"column":4}}]},"8":{"line":110,"type":"if","locations":[{"start":{"line":110,"column":4},"end":{"line":110,"column":4}},{"start":{"line":110,"column":4},"end":{"line":110,"column":4}}]},"9":{"line":115,"type":"if","locations":[{"start":{"line":115,"column":4},"end":{"line":115,"column":4}},{"start":{"line":115,"column":4},"end":{"line":115,"column":4}}]},"10":{"line":156,"type":"if","locations":[{"start":{"line":156,"column":6},"end":{"line":156,"column":6}},{"start":{"line":156,"column":6},"end":{"line":156,"column":6}}]},"11":{"line":170,"type":"if","locations":[{"start":{"line":170,"column":4},"end":{"line":170,"column":4}},{"start":{"line":170,"column":4},"end":{"line":170,"column":4}}]},"12":{"line":172,"type":"if","locations":[{"start":{"line":172,"column":8},"end":{"line":172,"column":8}},{"start":{"line":172,"column":8},"end":{"line":172,"column":8}}]},"13":{"line":191,"type":"if","locations":[{"start":{"line":191,"column":4},"end":{"line":191,"column":4}},{"start":{"line":191,"column":4},"end":{"line":191,"column":4}}]},"14":{"line":208,"type":"if","locations":[{"start":{"line":208,"column":6},"end":{"line":208,"column":6}},{"start":{"line":208,"column":6},"end":{"line":208,"column":6}}]},"15":{"line":217,"type":"if","locations":[{"start":{"line":217,"column":4},"end":{"line":217,"column":4}},{"start":{"line":217,"column":4},"end":{"line":217,"column":4}}]},"16":{"line":232,"type":"if","locations":[{"start":{"line":232,"column":4},"end":{"line":232,"column":4}},{"start":{"line":232,"column":4},"end":{"line":232,"column":4}}]},"17":{"line":236,"type":"if","locations":[{"start":{"line":236,"column":4},"end":{"line":236,"column":4}},{"start":{"line":236,"column":4},"end":{"line":236,"column":4}}]},"18":{"line":242,"type":"if","locations":[{"start":{"line":242,"column":4},"end":{"line":242,"column":4}},{"start":{"line":242,"column":4},"end":{"line":242,"column":4}}]},"19":{"line":258,"type":"if","locations":[{"start":{"line":258,"column":4},"end":{"line":258,"column":4}},{"start":{"line":258,"column":4},"end":{"line":258,"column":4}}]},"20":{"line":259,"type":"if","locations":[{"start":{"line":259,"column":4},"end":{"line":259,"column":4}},{"start":{"line":259,"column":4},"end":{"line":259,"column":4}}]},"21":{"line":266,"type":"if","locations":[{"start":{"line":266,"column":4},"end":{"line":266,"column":4}},{"start":{"line":266,"column":4},"end":{"line":266,"column":4}}]},"22":{"line":281,"type":"if","locations":[{"start":{"line":281,"column":4},"end":{"line":281,"column":4}},{"start":{"line":281,"column":4},"end":{"line":281,"column":4}}]},"23":{"line":282,"type":"if","locations":[{"start":{"line":282,"column":4},"end":{"line":282,"column":4}},{"start":{"line":282,"column":4},"end":{"line":282,"column":4}}]},"24":{"line":287,"type":"if","locations":[{"start":{"line":287,"column":6},"end":{"line":287,"column":6}},{"start":{"line":287,"column":6},"end":{"line":287,"column":6}}]},"25":{"line":296,"type":"if","locations":[{"start":{"line":296,"column":4},"end":{"line":296,"column":4}},{"start":{"line":296,"column":4},"end":{"line":296,"column":4}}]},"26":{"line":313,"type":"if","locations":[{"start":{"line":313,"column":4},"end":{"line":313,"column":4}},{"start":{"line":313,"column":4},"end":{"line":313,"column":4}}]},"27":{"line":314,"type":"if","locations":[{"start":{"line":314,"column":4},"end":{"line":314,"column":4}},{"start":{"line":314,"column":4},"end":{"line":314,"column":4}}]},"28":{"line":315,"type":"if","locations":[{"start":{"line":315,"column":4},"end":{"line":315,"column":4}},{"start":{"line":315,"column":4},"end":{"line":315,"column":4}}]},"29":{"line":326,"type":"if","locations":[{"start":{"line":326,"column":4},"end":{"line":326,"column":4}},{"start":{"line":326,"column":4},"end":{"line":326,"column":4}}]},"30":{"line":340,"type":"if","locations":[{"start":{"line":340,"column":4},"end":{"line":340,"column":4}},{"start":{"line":340,"column":4},"end":{"line":340,"column":4}}]},"31":{"line":344,"type":"if","locations":[{"start":{"line":344,"column":4},"end":{"line":344,"column":4}},{"start":{"line":344,"column":4},"end":{"line":344,"column":4}}]},"32":{"line":346,"type":"if","locations":[{"start":{"line":346,"column":4},"end":{"line":346,"column":4}},{"start":{"line":346,"column":4},"end":{"line":346,"column":4}}]},"33":{"line":347,"type":"if","locations":[{"start":{"line":347,"column":4},"end":{"line":347,"column":4}},{"start":{"line":347,"column":4},"end":{"line":347,"column":4}}]},"34":{"line":351,"type":"if","locations":[{"start":{"line":351,"column":4},"end":{"line":351,"column":4}},{"start":{"line":351,"column":4},"end":{"line":351,"column":4}}]},"35":{"line":376,"type":"if","locations":[{"start":{"line":376,"column":4},"end":{"line":376,"column":4}},{"start":{"line":376,"column":4},"end":{"line":376,"column":4}}]},"36":{"line":392,"type":"if","locations":[{"start":{"line":392,"column":4},"end":{"line":392,"column":4}},{"start":{"line":392,"column":4},"end":{"line":392,"column":4}}]},"37":{"line":393,"type":"if","locations":[{"start":{"line":393,"column":4},"end":{"line":393,"column":4}},{"start":{"line":393,"column":4},"end":{"line":393,"column":4}}]},"38":{"line":399,"type":"if","locations":[{"start":{"line":399,"column":4},"end":{"line":399,"column":4}},{"start":{"line":399,"column":4},"end":{"line":399,"column":4}}]},"39":{"line":406,"type":"if","locations":[{"start":{"line":406,"column":4},"end":{"line":406,"column":4}},{"start":{"line":406,"column":4},"end":{"line":406,"column":4}}]},"40":{"line":417,"type":"if","locations":[{"start":{"line":417,"column":4},"end":{"line":417,"column":4}},{"start":{"line":417,"column":4},"end":{"line":417,"column":4}}]},"41":{"line":427,"type":"if","locations":[{"start":{"line":427,"column":4},"end":{"line":427,"column":4}},{"start":{"line":427,"column":4},"end":{"line":427,"column":4}}]},"42":{"line":463,"type":"if","locations":[{"start":{"line":463,"column":4},"end":{"line":463,"column":4}},{"start":{"line":463,"column":4},"end":{"line":463,"column":4}}]}}},
"contracts/PoolMath.sol":{"l":{"29":0,"30":0,"31":0,"32":0,"33":0,"34":0,"35":0,"36":0,"37":0,"38":0,"39":0,"41":0,"47":0,"48":0,"49":0,"50":0,"51":0,"53":0,"58":0,"61":0,"62":0,"63":0,"65":0,"67":0,"72":0,"73":0,"74":0,"77":0,"84":0,"100":0,"101":0,"102":0,"103":0,"104":0,"105":0,"106":0,"108":0,"109":0,"110":0,"111":0,"112":0,"113":0,"114":0,"115":0,"116":0,"120":0,"121":0,"122":0,"125":0,"126":0,"130":0,"131":0,"132":0,"133":0,"137":0,"138":0,"139":0,"143":0,"146":0,"148":0,"149":0,"150":0,"151":0,"152":0,"153":0,"154":0,"155":0,"168":0,"169":0,"172":0,"173":0,"174":0,"175":0,"177":0,"184":0,"185":0,"187":0,"192":0,"193":0,"204":0,"207":0,"210":0,"211":0,"218":0},"path":"/home/kojche/Documents/projects/swim-protocol/swim/packages/evm-contracts/contracts/PoolMath.sol","s":{"1":0,"2":0,"3":0,"4":0,"5":0,"6":0,"7":0,"8":0,"9":0,"10":0,"11":0,"12":0,"13":0,"14":0,"15":0,"16":0,"17":0,"18":0,"19":0,"20":0,"21":0,"22":0,"23":0,"24":0,"25":0,"26":0,"27":0,"28":0,"29":0,"30":0,"31":0,"32":0,"33":0,"34":0,"35":0,"36":0,"37":0,"38":0,"39":0,"40":0,"41":0,"42":0,"43":0,"44":0,"45":0,"46":0,"47":0,"48":0,"49":0,"50":0,"51":0,"52":0,"53":0,"54":0,"55":0,"56":0,"57":0,"58":0,"59":0,"60":0,"61":0,"62":0,"63":0,"64":0,"65":0,"66":0,"67":0,"68":0,"69":0,"70":0,"71":0,"72":0,"73":0,"74":0,"75":0,"76":0,"77":0,"78":0,"79":0,"80":0,"81":0,"82":0,"83":0,"84":0},"b":{"1":[0,0],"2":[0,0],"3":[0,0],"4":[0,0],"5":[0,0],"6":[0,0],"7":[0,0]},"f":{"1":0,"2":0,"3":0},"fnMap":{"1":{"name":"addRemove","line":21,"loc":{"start":{"line":21,"column":0},"end":{"line":89,"column":1}}},"2":{"name":"swap","line":91,"loc":{"start":{"line":91,"column":0},"end":{"line":157,"column":1}}},"3":{"name":"removeExactBurn","line":159,"loc":{"start":{"line":159,"column":0},"end":{"line":220,"column":1}}}},"statementMap":{"1":{"start":{"line":29,"column":2},"end":{"line":29,"column":79}},"2":{"start":{"line":30,"column":2},"end":{"line":30,"column":26}},"3":{"start":{"line":31,"column":2},"end":{"line":31,"column":29}},"4":{"start":{"line":32,"column":2},"end":{"line":32,"column":76}},"5":{"start":{"line":33,"column":2},"end":{"line":33,"column":950}},"6":{"start":{"line":34,"column":4},"end":{"line":34,"column":53}},"7":{"start":{"line":35,"column":4},"end":{"line":35,"column":46}},"8":{"start":{"line":36,"column":4},"end":{"line":36,"column":69}},"9":{"start":{"line":37,"column":4},"end":{"line":37,"column":54}},"10":{"start":{"line":38,"column":4},"end":{"line":38,"column":29}},"11":{"start":{"line":39,"column":4},"end":{"line":39,"column":38}},"12":{"start":{"line":41,"column":2},"end":{"line":41,"column":1311}},"13":{"start":{"line":47,"column":2},"end":{"line":47,"column":1476}},"14":{"start":{"line":48,"column":4},"end":{"line":48,"column":82}},"15":{"start":{"line":49,"column":4},"end":{"line":49,"column":1592}},"16":{"start":{"line":50,"column":6},"end":{"line":50,"column":64}},"17":{"start":{"line":51,"column":6},"end":{"line":51,"column":1791}},"18":{"start":{"line":53,"column":6},"end":{"line":53,"column":1911}},"19":{"start":{"line":58,"column":6},"end":{"line":58,"column":2292}},"20":{"start":{"line":61,"column":6},"end":{"line":61,"column":61}},"21":{"start":{"line":62,"column":6},"end":{"line":62,"column":58}},"22":{"start":{"line":63,"column":6},"end":{"line":63,"column":64}},"23":{"start":{"line":65,"column":4},"end":{"line":65,"column":2664}},"24":{"start":{"line":67,"column":4},"end":{"line":67,"column":2698}},"25":{"start":{"line":72,"column":4},"end":{"line":72,"column":56}},"26":{"start":{"line":73,"column":4},"end":{"line":73,"column":77}},"27":{"start":{"line":74,"column":4},"end":{"line":74,"column":3138}},"28":{"start":{"line":77,"column":4},"end":{"line":77,"column":3255}},"29":{"start":{"line":84,"column":4},"end":{"line":84,"column":3465}},"30":{"start":{"line":100,"column":2},"end":{"line":100,"column":79}},"31":{"start":{"line":101,"column":2},"end":{"line":101,"column":76}},"32":{"start":{"line":102,"column":2},"end":{"line":102,"column":4015}},"33":{"start":{"line":103,"column":4},"end":{"line":103,"column":53}},"34":{"start":{"line":104,"column":4},"end":{"line":104,"column":46}},"35":{"start":{"line":105,"column":4},"end":{"line":105,"column":71}},"36":{"start":{"line":106,"column":4},"end":{"line":106,"column":54}},"37":{"start":{"line":108,"column":2},"end":{"line":108,"column":76}},"38":{"start":{"line":109,"column":2},"end":{"line":109,"column":4382}},"39":{"start":{"line":110,"column":4},"end":{"line":110,"column":4424}},"40":{"start":{"line":111,"column":6},"end":{"line":111,"column":34}},"41":{"start":{"line":112,"column":6},"end":{"line":112,"column":48}},"42":{"start":{"line":113,"column":6},"end":{"line":113,"column":64}},"43":{"start":{"line":114,"column":6},"end":{"line":114,"column":70}},"44":{"start":{"line":115,"column":6},"end":{"line":115,"column":57}},"45":{"start":{"line":116,"column":6},"end":{"line":116,"column":52}},"46":{"start":{"line":120,"column":4},"end":{"line":120,"column":4847}},"47":{"start":{"line":121,"column":6},"end":{"line":121,"column":34}},"48":{"start":{"line":122,"column":6},"end":{"line":122,"column":42}},"49":{"start":{"line":125,"column":2},"end":{"line":125,"column":74}},"50":{"start":{"line":126,"column":2},"end":{"line":126,"column":5065}},"51":{"start":{"line":130,"column":2},"end":{"line":130,"column":23}},"52":{"start":{"line":131,"column":2},"end":{"line":131,"column":5233}},"53":{"start":{"line":132,"column":4},"end":{"line":132,"column":77}},"54":{"start":{"line":133,"column":4},"end":{"line":133,"column":5410}},"55":{"start":{"line":137,"column":4},"end":{"line":137,"column":77}},"56":{"start":{"line":138,"column":4},"end":{"line":138,"column":5539}},"57":{"start":{"line":139,"column":6},"end":{"line":139,"column":5592}},"58":{"start":{"line":143,"column":4},"end":{"line":143,"column":5801}},"59":{"start":{"line":146,"column":2},"end":{"line":146,"column":51}},"60":{"start":{"line":148,"column":2},"end":{"line":148,"column":5892}},"61":{"start":{"line":149,"column":4},"end":{"line":149,"column":90}},"62":{"start":{"line":150,"column":4},"end":{"line":150,"column":50}},"63":{"start":{"line":151,"column":4},"end":{"line":151,"column":75}},"64":{"start":{"line":152,"column":4},"end":{"line":152,"column":52}},"65":{"start":{"line":153,"column":4},"end":{"line":153,"column":62}},"66":{"start":{"line":154,"column":4},"end":{"line":154,"column":80}},"67":{"start":{"line":155,"column":4},"end":{"line":155,"column":63}},"68":{"start":{"line":168,"column":2},"end":{"line":168,"column":92}},"69":{"start":{"line":169,"column":2},"end":{"line":169,"column":6841}},"70":{"start":{"line":172,"column":2},"end":{"line":172,"column":76}},"71":{"start":{"line":173,"column":2},"end":{"line":173,"column":7035}},"72":{"start":{"line":174,"column":4},"end":{"line":174,"column":38}},"73":{"start":{"line":175,"column":4},"end":{"line":175,"column":38}},"74":{"start":{"line":177,"column":2},"end":{"line":177,"column":7176}},"75":{"start":{"line":184,"column":2},"end":{"line":184,"column":7418}},"76":{"start":{"line":185,"column":4},"end":{"line":185,"column":55}},"77":{"start":{"line":187,"column":4},"end":{"line":187,"column":7549}},"78":{"start":{"line":192,"column":4},"end":{"line":192,"column":88}},"79":{"start":{"line":193,"column":4},"end":{"line":193,"column":7946}},"80":{"start":{"line":204,"column":4},"end":{"line":204,"column":8664}},"81":{"start":{"line":207,"column":4},"end":{"line":207,"column":8820}},"82":{"start":{"line":210,"column":4},"end":{"line":210,"column":77}},"83":{"start":{"line":211,"column":4},"end":{"line":211,"column":9019}},"84":{"start":{"line":218,"column":4},"end":{"line":218,"column":44}}},"branchMap":{"1":{"line":47,"type":"if","locations":[{"start":{"line":47,"column":2},"end":{"line":47,"column":2}},{"start":{"line":47,"column":2},"end":{"line":47,"column":2}}]},"2":{"line":61,"type":"if","locations":[{"start":{"line":61,"column":6},"end":{"line":61,"column":6}},{"start":{"line":61,"column":6},"end":{"line":61,"column":6}}]},"3":{"line":109,"type":"if","locations":[{"start":{"line":109,"column":2},"end":{"line":109,"column":2}},{"start":{"line":109,"column":2},"end":{"line":109,"column":2}}]},"4":{"line":131,"type":"if","locations":[{"start":{"line":131,"column":2},"end":{"line":131,"column":2}},{"start":{"line":131,"column":2},"end":{"line":131,"column":2}}]},"5":{"line":138,"type":"if","locations":[{"start":{"line":138,"column":4},"end":{"line":138,"column":4}},{"start":{"line":138,"column":4},"end":{"line":138,"column":4}}]},"6":{"line":148,"type":"if","locations":[{"start":{"line":148,"column":2},"end":{"line":148,"column":2}},{"start":{"line":148,"column":2},"end":{"line":148,"column":2}}]},"7":{"line":184,"type":"if","locations":[{"start":{"line":184,"column":2},"end":{"line":184,"column":2}},{"start":{"line":184,"column":2},"end":{"line":184,"column":2}}]}}},
"contracts/Routing.sol":{"l":{"49":0,"50":0,"51":0,"52":0,"53":0,"54":0,"55":0,"56":0,"60":0,"64":0,"86":0,"87":0,"89":0,"90":0,"92":0,"99":0,"101":0,"108":0,"110":0,"129":0,"131":0,"132":0,"134":0,"141":0,"143":0,"144":0,"145":0,"154":0,"155":0,"156":0,"166":0,"168":0,"185":0,"186":0,"188":0,"189":0,"192":0,"204":0,"205":0,"207":0,"208":0,"209":0,"211":0,"220":0,"222":0,"223":0,"225":0,"233":0,"234":0,"236":0,"237":0,"240":0,"242":0,"243":0,"260":0,"261":0,"262":0,"263":0,"264":0,"266":0,"267":0,"268":0,"270":0,"281":0,"282":0,"284":0,"285":0,"287":0,"291":0,"292":0,"297":0,"298":0,"303":0,"304":0,"309":0,"310":0,"311":0,"312":0,"314":0,"318":0,"319":0,"320":0,"322":0},"path":"/home/kojche/Documents/projects/swim-protocol/swim/packages/evm-contracts/contracts/Routing.sol","s":{"1":0,"2":0,"3":0,"4":0,"5":0,"6":0,"7":0,"8":0,"9":0,"10":0,"11":0,"12":0,"13":0,"14":0,"15":0,"16":0,"17":0,"18":0,"19":0,"20":0,"21":0,"22":0,"23":0,"24":0,"25":0,"26":0,"27":0,"28":0,"29":0,"30":0,"31":0,"32":0,"33":0,"34":0,"35":0,"36":0,"37":0,"38":0,"39":0,"40":0,"41":0,"42":0,"43":0,"44":0,"45":0,"46":0,"47":0,"48":0,"49":0,"50":0,"51":0,"52":0,"53":0,"54":0,"55":0,"56":0,"57":0,"58":0,"59":0,"60":0,"61":0,"62":0,"63":0,"64":0,"65":0,"66":0,"67":0,"68":0,"69":0,"70":0,"71":0,"72":0,"73":0,"74":0,"75":0,"76":0},"b":{"1":[0,0],"2":[0,0],"3":[0,0],"4":[0,0],"5":[0,0],"6":[0,0],"7":[0,0]},"f":{"1":0,"2":0,"3":0,"4":0,"5":0,"6":0,"7":0,"8":0,"9":0,"10":0,"11":0,"12":0,"13":0,"14":0,"15":0,"16":0},"fnMap":{"1":{"name":"initialize","line":48,"loc":{"start":{"line":48,"column":2},"end":{"line":57,"column":2}}},"2":{"name":"pause","line":59,"loc":{"start":{"line":59,"column":2},"end":{"line":61,"column":2}}},"3":{"name":"unpause","line":63,"loc":{"start":{"line":63,"column":2},"end":{"line":65,"column":2}}},"4":{"name":"_authorizeUpgrade","line":67,"loc":{"start":{"line":67,"column":2},"end":{"line":67,"column":85}}},"5":{"name":"onChainSwap","line":85,"loc":{"start":{"line":79,"column":2},"end":{"line":111,"column":2}}},"6":{"name":"swapAndTransfer","line":128,"loc":{"start":{"line":122,"column":2},"end":{"line":169,"column":2}}},"7":{"name":"receiveAndSwap","line":184,"loc":{"start":{"line":180,"column":2},"end":{"line":193,"column":2}}},"8":{"name":"receiveAndSwap","line":203,"loc":{"start":{"line":202,"column":2},"end":{"line":212,"column":2}}},"9":{"name":"_receiveAndSwap","line":214,"loc":{"start":{"line":214,"column":2},"end":{"line":244,"column":2}}},"10":{"name":"registerToken","line":259,"loc":{"start":{"line":254,"column":2},"end":{"line":271,"column":2}}},"11":{"name":"getPoolStates","line":279,"loc":{"start":{"line":279,"column":2},"end":{"line":288,"column":2}}},"12":{"name":"acquire","line":290,"loc":{"start":{"line":290,"column":2},"end":{"line":294,"column":2}}},"13":{"name":"transfer","line":296,"loc":{"start":{"line":296,"column":2},"end":{"line":300,"column":2}}},"14":{"name":"approve","line":302,"loc":{"start":{"line":302,"column":2},"end":{"line":306,"column":2}}},"15":{"name":"getPoolAndIndex","line":308,"loc":{"start":{"line":308,"column":2},"end":{"line":315,"column":2}}},"16":{"name":"getTokenAddress","line":317,"loc":{"start":{"line":317,"column":2},"end":{"line":323,"column":2}}}},"statementMap":{"1":{"start":{"line":49,"column":4},"end":{"line":49,"column":20}},"2":{"start":{"line":50,"column":4},"end":{"line":50,"column":19}},"3":{"start":{"line":51,"column":4},"end":{"line":51,"column":27}},"4":{"start":{"line":52,"column":4},"end":{"line":52,"column":27}},"5":{"start":{"line":53,"column":4},"end":{"line":53,"column":20}},"6":{"start":{"line":54,"column":4},"end":{"line":54,"column":49}},"7":{"start":{"line":55,"column":4},"end":{"line":55,"column":53}},"8":{"start":{"line":56,"column":4},"end":{"line":56,"column":95}},"9":{"start":{"line":60,"column":4},"end":{"line":60,"column":11}},"10":{"start":{"line":64,"column":4},"end":{"line":64,"column":13}},"11":{"start":{"line":86,"column":4},"end":{"line":86,"column":68}},"12":{"start":{"line":87,"column":4},"end":{"line":87,"column":62}},"13":{"start":{"line":89,"column":4},"end":{"line":89,"column":34}},"14":{"start":{"line":90,"column":4},"end":{"line":90,"column":44}},"15":{"start":{"line":92,"column":4},"end":{"line":92,"column":2957}},"16":{"start":{"line":99,"column":4},"end":{"line":99,"column":57}},"17":{"start":{"line":101,"column":4},"end":{"line":101,"column":3155}},"18":{"start":{"line":108,"column":4},"end":{"line":108,"column":43}},"19":{"start":{"line":110,"column":4},"end":{"line":110,"column":63}},"20":{"start":{"line":129,"column":4},"end":{"line":129,"column":68}},"21":{"start":{"line":131,"column":4},"end":{"line":131,"column":34}},"22":{"start":{"line":132,"column":4},"end":{"line":132,"column":44}},"23":{"start":{"line":134,"column":4},"end":{"line":134,"column":4166}},"24":{"start":{"line":141,"column":4},"end":{"line":141,"column":71}},"25":{"start":{"line":143,"column":4},"end":{"line":143,"column":4401}},"26":{"start":{"line":144,"column":6},"end":{"line":144,"column":28}},"27":{"start":{"line":145,"column":6},"end":{"line":145,"column":4497}},"28":{"start":{"line":154,"column":6},"end":{"line":154,"column":60}},"29":{"start":{"line":155,"column":6},"end":{"line":155,"column":68}},"30":{"start":{"line":156,"column":6},"end":{"line":156,"column":4852}},"31":{"start":{"line":168,"column":4},"end":{"line":168,"column":78}},"32":{"start":{"line":185,"column":4},"end":{"line":185,"column":81}},"33":{"start":{"line":186,"column":4},"end":{"line":186,"column":29}},"34":{"start":{"line":188,"column":4},"end":{"line":188,"column":5998}},"35":{"start":{"line":192,"column":4},"end":{"line":192,"column":79}},"36":{"start":{"line":204,"column":4},"end":{"line":204,"column":81}},"37":{"start":{"line":205,"column":4},"end":{"line":205,"column":29}},"38":{"start":{"line":207,"column":4},"end":{"line":207,"column":47}},"39":{"start":{"line":208,"column":4},"end":{"line":208,"column":87}},"40":{"start":{"line":209,"column":4},"end":{"line":209,"column":50}},"41":{"start":{"line":211,"column":4},"end":{"line":211,"column":76}},"42":{"start":{"line":220,"column":4},"end":{"line":220,"column":62}},"43":{"start":{"line":222,"column":4},"end":{"line":222,"column":83}},"44":{"start":{"line":223,"column":4},"end":{"line":223,"column":57}},"45":{"start":{"line":225,"column":4},"end":{"line":225,"column":7502}},"46":{"start":{"line":233,"column":6},"end":{"line":233,"column":33}},"47":{"start":{"line":234,"column":6},"end":{"line":234,"column":26}},"48":{"start":{"line":236,"column":6},"end":{"line":236,"column":41}},"49":{"start":{"line":237,"column":6},"end":{"line":237,"column":33}},"50":{"start":{"line":240,"column":4},"end":{"line":240,"column":43}},"51":{"start":{"line":242,"column":4},"end":{"line":242,"column":58}},"52":{"start":{"line":243,"column":4},"end":{"line":243,"column":69}},"53":{"start":{"line":260,"column":4},"end":{"line":260,"column":60}},"54":{"start":{"line":261,"column":4},"end":{"line":261,"column":34}},"55":{"start":{"line":262,"column":4},"end":{"line":262,"column":36}},"56":{"start":{"line":263,"column":4},"end":{"line":263,"column":34}},"57":{"start":{"line":264,"column":4},"end":{"line":264,"column":44}},"58":{"start":{"line":266,"column":4},"end":{"line":266,"column":42}},"59":{"start":{"line":267,"column":4},"end":{"line":267,"column":44}},"60":{"start":{"line":268,"column":4},"end":{"line":268,"column":44}},"61":{"start":{"line":270,"column":4},"end":{"line":270,"column":64}},"62":{"start":{"line":281,"column":4},"end":{"line":281,"column":44}},"63":{"start":{"line":282,"column":4},"end":{"line":282,"column":57}},"64":{"start":{"line":284,"column":4},"end":{"line":284,"column":9400}},"65":{"start":{"line":285,"column":6},"end":{"line":285,"column":50}},"66":{"start":{"line":287,"column":4},"end":{"line":287,"column":16}},"67":{"start":{"line":291,"column":4},"end":{"line":291,"column":9589}},"68":{"start":{"line":297,"column":4},"end":{"line":297,"column":9837}},"69":{"start":{"line":303,"column":4},"end":{"line":303,"column":10043}},"70":{"start":{"line":309,"column":4},"end":{"line":309,"column":55}},"71":{"start":{"line":310,"column":4},"end":{"line":310,"column":35}},"72":{"start":{"line":311,"column":4},"end":{"line":311,"column":10343}},"73":{"start":{"line":314,"column":4},"end":{"line":314,"column":40}},"74":{"start":{"line":318,"column":4},"end":{"line":318,"column":64}},"75":{"start":{"line":319,"column":4},"end":{"line":319,"column":10639}},"76":{"start":{"line":322,"column":4},"end":{"line":322,"column":16}}},"branchMap":{"1":{"line":143,"type":"if","locations":[{"start":{"line":143,"column":4},"end":{"line":143,"column":4}},{"start":{"line":143,"column":4},"end":{"line":143,"column":4}}]},"2":{"line":188,"type":"if","locations":[{"start":{"line":188,"column":4},"end":{"line":188,"column":4}},{"start":{"line":188,"column":4},"end":{"line":188,"column":4}}]},"3":{"line":291,"type":"if","locations":[{"start":{"line":291,"column":4},"end":{"line":291,"column":4}},{"start":{"line":291,"column":4},"end":{"line":291,"column":4}}]},"4":{"line":297,"type":"if","locations":[{"start":{"line":297,"column":4},"end":{"line":297,"column":4}},{"start":{"line":297,"column":4},"end":{"line":297,"column":4}}]},"5":{"line":303,"type":"if","locations":[{"start":{"line":303,"column":4},"end":{"line":303,"column":4}},{"start":{"line":303,"column":4},"end":{"line":303,"column":4}}]},"6":{"line":311,"type":"if","locations":[{"start":{"line":311,"column":4},"end":{"line":311,"column":4}},{"start":{"line":311,"column":4},"end":{"line":311,"column":4}}]},"7":{"line":319,"type":"if","locations":[{"start":{"line":319,"column":4},"end":{"line":319,"column":4}},{"start":{"line":319,"column":4},"end":{"line":319,"column":4}}]}}},
"contracts/SwimPayload.sol":{"l":{"36":0,"37":0,"38":0,"43":0,"44":0,"45":0,"47":0,"50":0,"55":0,"56":0,"60":0,"61":0,"62":0,"65":0,"69":0,"73":0,"74":0},"path":"/home/kojche/Documents/projects/swim-protocol/swim/packages/evm-contracts/contracts/SwimPayload.sol","s":{"1":0,"2":0,"3":0,"4":0,"5":0,"6":0,"7":0,"8":0,"9":0,"10":0,"11":0,"12":0,"13":0},"b":{"1":[0,0],"2":[0,0]},"f":{"1":0,"2":0,"3":0,"4":0,"5":0},"fnMap":{"1":{"name":"checkVersion","line":35,"loc":{"start":{"line":35,"column":2},"end":{"line":40,"column":2}}},"2":{"name":"decodeOwner","line":42,"loc":{"start":{"line":42,"column":2},"end":{"line":51,"column":3}}},"3":{"name":"decodeSwapParameters","line":53,"loc":{"start":{"line":53,"column":2},"end":{"line":66,"column":3}}},"4":{"name":"encode","line":68,"loc":{"start":{"line":68,"column":2},"end":{"line":70,"column":2}}},"5":{"name":"checkLength","line":72,"loc":{"start":{"line":72,"column":2},"end":{"line":76,"column":2}}}},"statementMap":{"1":{"start":{"line":36,"column":4},"end":{"line":36,"column":43}},"2":{"start":{"line":37,"column":4},"end":{"line":37,"column":1756}},"3":{"start":{"line":43,"column":4},"end":{"line":43,"column":41}},"4":{"start":{"line":44,"column":4},"end":{"line":44,"column":59}},"5":{"start":{"line":45,"column":4},"end":{"line":45,"column":18}},"6":{"start":{"line":50,"column":4},"end":{"line":50,"column":38}},"7":{"start":{"line":55,"column":4},"end":{"line":55,"column":45}},"8":{"start":{"line":56,"column":4},"end":{"line":56,"column":2513}},"9":{"start":{"line":60,"column":4},"end":{"line":60,"column":63}},"10":{"start":{"line":61,"column":4},"end":{"line":61,"column":24}},"11":{"start":{"line":65,"column":4},"end":{"line":65,"column":41}},"12":{"start":{"line":69,"column":4},"end":{"line":69,"column":58}},"13":{"start":{"line":73,"column":4},"end":{"line":73,"column":3079}}},"branchMap":{"1":{"line":37,"type":"if","locations":[{"start":{"line":37,"column":4},"end":{"line":37,"column":4}},{"start":{"line":37,"column":4},"end":{"line":37,"column":4}}]},"2":{"line":73,"type":"if","locations":[{"start":{"line":73,"column":4},"end":{"line":73,"column":4}},{"start":{"line":73,"column":4},"end":{"line":73,"column":4}}]}}}}
