TN:
SF:/home/kojche/Documents/projects/swim-protocol/swim/packages/evm-contracts/contracts/CenterAlignment.sol
FN:27,toAligned
FN:31,keepAligned
FN:46,fromAligned
FNF:3
FNH:0
FNDA:0,toAligned
FNDA:0,keepAligned
FNDA:0,fromAligned
DA:28,0
DA:33,0
DA:36,0
DA:38,0
DA:41,0
DA:43,0
DA:48,0
DA:49,0
DA:51,0
DA:55,0
DA:58,0
LF:11
LH:0
BRDA:33,1,0,0
BRDA:33,1,1,0
BRDA:38,2,0,0
BRDA:38,2,1,0
BRDA:48,3,0,0
BRDA:48,3,1,0
BRDA:51,4,0,0
BRDA:51,4,1,0
BRF:8
BRH:0
end_of_record
TN:
SF:/home/kojche/Documents/projects/swim-protocol/swim/packages/evm-contracts/contracts/Constants.sol
FNF:0
FNH:0
LF:0
LH:0
BRF:0
BRH:0
end_of_record
TN:
SF:/home/kojche/Documents/projects/swim-protocol/swim/packages/evm-contracts/contracts/Equalize.sol
FN:9,to
FN:27,from
FNF:2
FNH:0
FNDA:0,to
FNDA:0,from
DA:11,0
DA:12,0
DA:14,0
DA:15,0
DA:16,0
DA:17,0
DA:20,0
DA:21,0
DA:23,0
DA:24,0
DA:29,0
DA:30,0
DA:31,0
DA:33,0
DA:34,0
DA:35,0
DA:36,0
DA:39,0
DA:40,0
DA:42,0
LF:20
LH:0
BRDA:11,1,0,0
BRDA:11,1,1,0
BRDA:15,2,0,0
BRDA:15,2,1,0
BRDA:17,3,0,0
BRDA:17,3,1,0
BRDA:23,4,0,0
BRDA:23,4,1,0
BRDA:30,5,0,0
BRDA:30,5,1,0
BRDA:33,6,0,0
BRDA:33,6,1,0
BRDA:40,7,0,0
BRDA:40,7,1,0
BRF:14
BRH:0
end_of_record
TN:
SF:/home/kojche/Documents/projects/swim-protocol/swim/packages/evm-contracts/contracts/interfaces/IPool.sol
FNF:0
FNH:0
LF:0
LH:0
BRF:0
BRH:0
end_of_record
TN:
SF:/home/kojche/Documents/projects/swim-protocol/swim/packages/evm-contracts/contracts/interfaces/IRouting.sol
FNF:0
FNH:0
LF:0
LH:0
BRF:0
BRH:0
end_of_record
TN:
SF:/home/kojche/Documents/projects/swim-protocol/swim/packages/evm-contracts/contracts/interfaces/IStructs.sol
FNF:0
FNH:0
LF:0
LH:0
BRF:0
BRH:0
end_of_record
TN:
SF:/home/kojche/Documents/projects/swim-protocol/swim/packages/evm-contracts/contracts/interfaces/ITokenBridge.sol
FNF:0
FNH:0
LF:0
LH:0
BRF:0
BRH:0
end_of_record
TN:
SF:/home/kojche/Documents/projects/swim-protocol/swim/packages/evm-contracts/contracts/interfaces/IWormhole.sol
FNF:0
FNH:0
LF:0
LH:0
BRF:0
BRH:0
end_of_record
TN:
SF:/home/kojche/Documents/projects/swim-protocol/swim/packages/evm-contracts/contracts/Invariant.sol
FN:96,sum
FN:102,absDiff
FN:106,min
FN:110,sqrt
FN:160,calculateUnknownBalance
FN:222,calculateDepth
FNF:6
FNH:0
FNDA:0,sum
FNDA:0,absDiff
FNDA:0,min
FNDA:0,sqrt
FNDA:0,calculateUnknownBalance
FNDA:0,calculateDepth
DA:97,0
DA:98,0
DA:103,0
DA:107,0
DA:111,0
DA:112,0
DA:115,0
DA:116,0
DA:118,0
DA:119,0
DA:120,0
DA:122,0
DA:123,0
DA:124,0
DA:126,0
DA:127,0
DA:128,0
DA:130,0
DA:131,0
DA:132,0
DA:134,0
DA:135,0
DA:136,0
DA:138,0
DA:139,0
DA:140,0
DA:142,0
DA:143,0
DA:149,0
DA:150,0
DA:151,0
DA:152,0
DA:153,0
DA:154,0
DA:155,0
DA:157,0
DA:171,0
DA:173,0
DA:174,0
DA:175,0
DA:176,0
DA:179,0
DA:180,0
DA:182,0
DA:184,0
DA:185,0
DA:186,0
DA:188,0
DA:189,0
DA:190,0
DA:191,0
DA:192,0
DA:194,0
DA:196,0
DA:197,0
DA:198,0
DA:212,0
DA:215,0
DA:219,0
DA:232,0
DA:233,0
DA:234,0
DA:235,0
DA:236,0
DA:237,0
DA:240,0
DA:241,0
DA:242,0
DA:243,0
DA:244,0
DA:245,0
DA:246,0
DA:283,0
DA:285,0
LF:74
LH:0
BRDA:111,1,0,0
BRDA:111,1,1,0
BRDA:118,2,0,0
BRDA:118,2,1,0
BRDA:122,3,0,0
BRDA:122,3,1,0
BRDA:126,4,0,0
BRDA:126,4,1,0
BRDA:130,5,0,0
BRDA:130,5,1,0
BRDA:134,6,0,0
BRDA:134,6,1,0
BRDA:138,7,0,0
BRDA:138,7,1,0
BRDA:142,8,0,0
BRDA:142,8,1,0
BRDA:173,9,0,0
BRDA:173,9,1,0
BRDA:212,10,0,0
BRDA:212,10,1,0
BRDA:215,11,0,0
BRDA:215,11,1,0
BRDA:232,12,0,0
BRDA:232,12,1,0
BRDA:283,13,0,0
BRDA:283,13,1,0
BRF:26
BRH:0
end_of_record
TN:
SF:/home/kojche/Documents/projects/swim-protocol/swim/packages/evm-contracts/contracts/LpToken.sol
FN:10,initialize
FN:18,mint
FNF:2
FNH:0
FNDA:0,initialize
FNDA:0,mint
DA:12,0
DA:13,0
DA:14,0
DA:15,0
DA:20,0
LF:5
LH:0
BRF:0
BRH:0
end_of_record
TN:
SF:/home/kojche/Documents/projects/swim-protocol/swim/packages/evm-contracts/contracts/Pool.sol
FN:69,initialize
FN:109,notPaused
FN:114,onlyGovernance
FN:119,getState
FN:143,removeUniform
FN:165,add
FN:201,removeExactOutput
FN:229,removeExactBurn
FN:255,swapExactInput
FN:278,swapExactOutput
FN:310,swap
FN:334,setFees
FN:338,adjustAmpFactor
FN:365,setPaused
FN:370,transferGovernance
FN:375,changeGovernanceFeeRecipient
FN:382,_authorizeUpgrade
FN:386,_setFees
FN:398,safeTransferFrom
FN:405,safeTransfer
FN:412,mintGovernanceFee
FN:425,equalizeAmounts
FN:436,defiParas
FN:460,getAmpFactor
FNF:24
FNH:0
FNDA:0,initialize
FNDA:0,notPaused
FNDA:0,onlyGovernance
FNDA:0,getState
FNDA:0,removeUniform
FNDA:0,add
FNDA:0,removeExactOutput
FNDA:0,removeExactBurn
FNDA:0,swapExactInput
FNDA:0,swapExactOutput
FNDA:0,swap
FNDA:0,setFees
FNDA:0,adjustAmpFactor
FNDA:0,setPaused
FNDA:0,transferGovernance
FNDA:0,changeGovernanceFeeRecipient
FNDA:0,_authorizeUpgrade
FNDA:0,_setFees
FNDA:0,safeTransferFrom
FNDA:0,safeTransfer
FNDA:0,mintGovernanceFee
FNDA:0,equalizeAmounts
FNDA:0,defiParas
FNDA:0,getAmpFactor
DA:70,0
DA:71,0
DA:72,0
DA:73,0
DA:75,0
DA:76,0
DA:77,0
DA:78,0
DA:81,0
DA:82,0
DA:84,0
DA:85,0
DA:89,0
DA:93,0
DA:94,0
DA:98,0
DA:99,0
DA:100,0
DA:101,0
DA:103,0
DA:104,0
DA:105,0
DA:106,0
DA:110,0
DA:111,0
DA:115,0
DA:116,0
DA:120,0
DA:129,0
DA:130,0
DA:136,0
DA:145,0
DA:146,0
DA:147,0
DA:149,0
DA:150,0
DA:152,0
DA:153,0
DA:154,0
DA:155,0
DA:156,0
DA:157,0
DA:158,0
DA:166,0
DA:168,0
DA:169,0
DA:170,0
DA:171,0
DA:172,0
DA:174,0
DA:183,0
DA:186,0
DA:187,0
DA:188,0
DA:190,0
DA:191,0
DA:192,0
DA:193,0
DA:195,0
DA:202,0
DA:204,0
DA:207,0
DA:208,0
DA:213,0
DA:216,0
DA:217,0
DA:218,0
DA:219,0
DA:220,0
DA:222,0
DA:230,0
DA:232,0
DA:233,0
DA:236,0
DA:238,0
DA:241,0
DA:242,0
DA:243,0
DA:244,0
DA:245,0
DA:256,0
DA:258,0
DA:259,0
DA:260,0
DA:262,0
DA:265,0
DA:266,0
DA:267,0
DA:268,0
DA:270,0
DA:271,0
DA:279,0
DA:281,0
DA:282,0
DA:283,0
DA:286,0
DA:287,0
DA:292,0
DA:295,0
DA:296,0
DA:297,0
DA:298,0
DA:299,0
DA:301,0
DA:311,0
DA:313,0
DA:314,0
DA:315,0
DA:318,0
DA:319,0
DA:322,0
DA:325,0
DA:326,0
DA:327,0
DA:328,0
DA:329,0
DA:335,0
DA:339,0
DA:340,0
DA:344,0
DA:345,0
DA:346,0
DA:347,0
DA:351,0
DA:359,0
DA:360,0
DA:361,0
DA:362,0
DA:366,0
DA:371,0
DA:376,0
DA:377,0
DA:387,0
DA:392,0
DA:393,0
DA:394,0
DA:395,0
DA:399,0
DA:400,0
DA:401,0
DA:406,0
DA:407,0
DA:408,0
DA:417,0
DA:418,0
DA:419,0
DA:427,0
DA:428,0
DA:429,0
DA:430,0
DA:442,0
DA:443,0
DA:444,0
DA:445,0
DA:454,0
DA:455,0
DA:456,0
DA:461,0
DA:462,0
DA:463,0
DA:464,0
DA:465,0
DA:466,0
DA:467,0
DA:468,0
DA:469,0
DA:470,0
DA:471,0
DA:474,0
LF:169
LH:0
BRDA:71,1,0,0
BRDA:71,1,1,0
BRDA:76,2,0,0
BRDA:76,2,1,0
BRDA:77,3,0,0
BRDA:77,3,1,0
BRDA:81,4,0,0
BRDA:81,4,1,0
BRDA:85,5,0,0
BRDA:85,5,1,0
BRDA:93,6,0,0
BRDA:93,6,1,0
BRDA:94,7,0,0
BRDA:94,7,1,0
BRDA:110,8,0,0
BRDA:110,8,1,0
BRDA:115,9,0,0
BRDA:115,9,1,0
BRDA:156,10,0,0
BRDA:156,10,1,0
BRDA:170,11,0,0
BRDA:170,11,1,0
BRDA:172,12,0,0
BRDA:172,12,1,0
BRDA:191,13,0,0
BRDA:191,13,1,0
BRDA:208,14,0,0
BRDA:208,14,1,0
BRDA:217,15,0,0
BRDA:217,15,1,0
BRDA:232,16,0,0
BRDA:232,16,1,0
BRDA:236,17,0,0
BRDA:236,17,1,0
BRDA:242,18,0,0
BRDA:242,18,1,0
BRDA:258,19,0,0
BRDA:258,19,1,0
BRDA:259,20,0,0
BRDA:259,20,1,0
BRDA:266,21,0,0
BRDA:266,21,1,0
BRDA:281,22,0,0
BRDA:281,22,1,0
BRDA:282,23,0,0
BRDA:282,23,1,0
BRDA:287,24,0,0
BRDA:287,24,1,0
BRDA:296,25,0,0
BRDA:296,25,1,0
BRDA:313,26,0,0
BRDA:313,26,1,0
BRDA:314,27,0,0
BRDA:314,27,1,0
BRDA:315,28,0,0
BRDA:315,28,1,0
BRDA:326,29,0,0
BRDA:326,29,1,0
BRDA:340,30,0,0
BRDA:340,30,1,0
BRDA:344,31,0,0
BRDA:344,31,1,0
BRDA:346,32,0,0
BRDA:346,32,1,0
BRDA:347,33,0,0
BRDA:347,33,1,0
BRDA:351,34,0,0
BRDA:351,34,1,0
BRDA:376,35,0,0
BRDA:376,35,1,0
BRDA:392,36,0,0
BRDA:392,36,1,0
BRDA:393,37,0,0
BRDA:393,37,1,0
BRDA:399,38,0,0
BRDA:399,38,1,0
BRDA:406,39,0,0
BRDA:406,39,1,0
BRDA:417,40,0,0
BRDA:417,40,1,0
BRDA:427,41,0,0
BRDA:427,41,1,0
BRDA:463,42,0,0
BRDA:463,42,1,0
BRF:84
BRH:0
end_of_record
TN:
SF:/home/kojche/Documents/projects/swim-protocol/swim/packages/evm-contracts/contracts/PoolMath.sol
FN:21,addRemove
FN:91,swap
FN:159,removeExactBurn
FNF:3
FNH:0
FNDA:0,addRemove
FNDA:0,swap
FNDA:0,removeExactBurn
DA:29,0
DA:30,0
DA:31,0
DA:32,0
DA:33,0
DA:34,0
DA:35,0
DA:36,0
DA:37,0
DA:38,0
DA:39,0
DA:41,0
DA:47,0
DA:48,0
DA:49,0
DA:50,0
DA:51,0
DA:53,0
DA:58,0
DA:61,0
DA:62,0
DA:63,0
DA:65,0
DA:67,0
DA:72,0
DA:73,0
DA:74,0
DA:77,0
DA:84,0
DA:100,0
DA:101,0
DA:102,0
DA:103,0
DA:104,0
DA:105,0
DA:106,0
DA:108,0
DA:109,0
DA:110,0
DA:111,0
DA:112,0
DA:113,0
DA:114,0
DA:115,0
DA:116,0
DA:120,0
DA:121,0
DA:122,0
DA:125,0
DA:126,0
DA:130,0
DA:131,0
DA:132,0
DA:133,0
DA:137,0
DA:138,0
DA:139,0
DA:143,0
DA:146,0
DA:148,0
DA:149,0
DA:150,0
DA:151,0
DA:152,0
DA:153,0
DA:154,0
DA:155,0
DA:168,0
DA:169,0
DA:172,0
DA:173,0
DA:174,0
DA:175,0
DA:177,0
DA:184,0
DA:185,0
DA:187,0
DA:192,0
DA:193,0
DA:204,0
DA:207,0
DA:210,0
DA:211,0
DA:218,0
LF:84
LH:0
BRDA:47,1,0,0
BRDA:47,1,1,0
BRDA:61,2,0,0
BRDA:61,2,1,0
BRDA:109,3,0,0
BRDA:109,3,1,0
BRDA:131,4,0,0
BRDA:131,4,1,0
BRDA:138,5,0,0
BRDA:138,5,1,0
BRDA:148,6,0,0
BRDA:148,6,1,0
BRDA:184,7,0,0
BRDA:184,7,1,0
BRF:14
BRH:0
end_of_record
TN:
SF:/home/kojche/Documents/projects/swim-protocol/swim/packages/evm-contracts/contracts/Routing.sol
FN:48,initialize
FN:59,pause
FN:63,unpause
FN:67,_authorizeUpgrade
FN:85,onChainSwap
FN:128,swapAndTransfer
FN:184,receiveAndSwap
FN:203,receiveAndSwap
FN:214,_receiveAndSwap
FN:259,registerToken
FN:279,getPoolStates
FN:290,acquire
FN:296,transfer
FN:302,approve
FN:308,getPoolAndIndex
FN:317,getTokenAddress
FNF:16
FNH:0
FNDA:0,initialize
FNDA:0,pause
FNDA:0,unpause
FNDA:0,_authorizeUpgrade
FNDA:0,onChainSwap
FNDA:0,swapAndTransfer
FNDA:0,receiveAndSwap
FNDA:0,receiveAndSwap
FNDA:0,_receiveAndSwap
FNDA:0,registerToken
FNDA:0,getPoolStates
FNDA:0,acquire
FNDA:0,transfer
FNDA:0,approve
FNDA:0,getPoolAndIndex
FNDA:0,getTokenAddress
DA:49,0
DA:50,0
DA:51,0
DA:52,0
DA:53,0
DA:54,0
DA:55,0
DA:56,0
DA:60,0
DA:64,0
DA:86,0
DA:87,0
DA:89,0
DA:90,0
DA:92,0
DA:99,0
DA:101,0
DA:108,0
DA:110,0
DA:129,0
DA:131,0
DA:132,0
DA:134,0
DA:141,0
DA:143,0
DA:144,0
DA:145,0
DA:154,0
DA:155,0
DA:156,0
DA:166,0
DA:168,0
DA:185,0
DA:186,0
DA:188,0
DA:189,0
DA:192,0
DA:204,0
DA:205,0
DA:207,0
DA:208,0
DA:209,0
DA:211,0
DA:220,0
DA:222,0
DA:223,0
DA:225,0
DA:233,0
DA:234,0
DA:236,0
DA:237,0
DA:240,0
DA:242,0
DA:243,0
DA:260,0
DA:261,0
DA:262,0
DA:263,0
DA:264,0
DA:266,0
DA:267,0
DA:268,0
DA:270,0
DA:281,0
DA:282,0
DA:284,0
DA:285,0
DA:287,0
DA:291,0
DA:292,0
DA:297,0
DA:298,0
DA:303,0
DA:304,0
DA:309,0
DA:310,0
DA:311,0
DA:312,0
DA:314,0
DA:318,0
DA:319,0
DA:320,0
DA:322,0
LF:83
LH:0
BRDA:143,1,0,0
BRDA:143,1,1,0
BRDA:188,2,0,0
BRDA:188,2,1,0
BRDA:291,3,0,0
BRDA:291,3,1,0
BRDA:297,4,0,0
BRDA:297,4,1,0
BRDA:303,5,0,0
BRDA:303,5,1,0
BRDA:311,6,0,0
BRDA:311,6,1,0
BRDA:319,7,0,0
BRDA:319,7,1,0
BRF:14
BRH:0
end_of_record
TN:
SF:/home/kojche/Documents/projects/swim-protocol/swim/packages/evm-contracts/contracts/SwimPayload.sol
FN:35,checkVersion
FN:42,decodeOwner
FN:53,decodeSwapParameters
FN:68,encode
FN:72,checkLength
FNF:5
FNH:0
FNDA:0,checkVersion
FNDA:0,decodeOwner
FNDA:0,decodeSwapParameters
FNDA:0,encode
FNDA:0,checkLength
DA:36,0
DA:37,0
DA:38,0
DA:43,0
DA:44,0
DA:45,0
DA:47,0
DA:50,0
DA:55,0
DA:56,0
DA:60,0
DA:61,0
DA:62,0
DA:65,0
DA:69,0
DA:73,0
DA:74,0
LF:17
LH:0
BRDA:37,1,0,0
BRDA:37,1,1,0
BRDA:73,2,0,0
BRDA:73,2,1,0
BRF:4
BRH:0
end_of_record
